<?xml version="1.0" encoding="UTF-8"?>
<!-- Generated by org.testng.reporters.JUnitReportReporter -->
<testsuite name="com.uiAutomation.Flipkart.homepage.TestCase_Login" tests="1" time="3.974" ignored="0" failures="0" timestamp="07 Nov 2017 13:44:43 GMT" skipped="0" hostname="VDI-KGOYAL" errors="0">
  <testcase name="login" time="3.974" classname="com.uiAutomation.Flipkart.homepage.TestCase_Login"/>
</testsuite> <!-- com.uiAutomation.Flipkart.homepage.TestCase_Login -->
