<?xml version="1.0" encoding="UTF-8"?>
<!-- Generated by org.testng.reporters.JUnitReportReporter -->
<testsuite name="com.uiAutomation.Flipkart.homepage.TestCase_Login" tests="1" time="2.396" ignored="0" failures="0" timestamp="13 Nov 2017 06:00:07 GMT" skipped="0" hostname="VDI-KGOYAL" errors="0">
  <testcase name="login" time="2.396" classname="com.uiAutomation.Flipkart.homepage.TestCase_Login"/>
</testsuite> <!-- com.uiAutomation.Flipkart.homepage.TestCase_Login -->
