<?xml version="1.0" encoding="UTF-8"?>
<!-- Generated by org.testng.reporters.JUnitReportReporter -->
<testsuite name="homePage.NaukriLogin" tests="1" time="2.443" ignored="0" failures="0" timestamp="12 Jun 2018 13:14:54 GMT" skipped="0" hostname="VDI-KGOYAL" errors="0">
  <testcase name="validNaukriLogin" time="2.443" classname="homePage.NaukriLogin"/>
</testsuite> <!-- homePage.NaukriLogin -->
