<?xml version="1.0" encoding="UTF-8"?>
<!-- Generated by org.testng.reporters.JUnitReportReporter -->
<testsuite name="homePage.LaunchNaukri" tests="1" time="7.913" ignored="0" failures="0" timestamp="12 Jun 2018 11:29:57 GMT" skipped="0" hostname="VDI-KGOYAL" errors="0">
  <testcase name="launchNaukri" time="7.913" classname="homePage.LaunchNaukri"/>
</testsuite> <!-- homePage.LaunchNaukri -->
